<?xml version="1.0" encoding="UTF-8"?>
<!-- Generated by org.testng.reporters.JUnitXMLReporter -->
<testsuite ignored="0" hostname="WIN-SCB9NH652H3" failures="0" tests="2" name="Default test" time="1.374" errors="0" timestamp="2022-09-15T17:32:13 IST">
  <testcase classname="RoyalChallengersBangalore.RCB.ForeignPlayers" name="getForeignPlayers" time="1.193"/>
  <testcase classname="RoyalChallengersBangalore.RCB.ForeignPlayers" name="getWicketKeeper" time="0.145"/>
</testsuite> <!-- Default test -->
